<?xml version="1.0" encoding="UTF-8"?>
<testsuite name="TestSuite" time="0.0" tests="1" errors="0" skipped="0" failures="0">
    <testcase name="SwaggerPetstore_getPetById_IT.swaggerPetstore_getPetById_IT" classname="com.consol.citrus.SwaggerPetstore_getPetById_IT" time="0.0"/>
</testsuite>